---------- Evolution 0 ----------
34.63005828857422
34.62224578857422
34.62224578857422
34.62224578857422
34.62224578857422
34.62224578857422
34.62224578857422
34.62224578857422
34.62224578857422
34.62224578857422
34.62224578857422
---------- Evolution 1 ----------
35.59007263183594
35.59007263183594
35.59007263183594
35.59007263183594
35.59007263183594
35.59007263183594
35.59007263183594
35.59007263183594
35.59007263183594
35.59007263183594
35.59007263183594
---------- Evolution 2 ----------
35.59031677246094
35.59031677246094
35.55113220214844
35.537513732910156
35.55113220214844
35.55113220214844
35.53749084472656
35.59031677246094
35.59031677246094
35.55113220214844
35.553192138671875
---------- Evolution 3 ----------
36.65733337402344
36.65733337402344
36.65733337402344
36.65733337402344
36.65733337402344
36.65733337402344
36.65733337402344
36.65733337402344
36.65733337402344
36.65733337402344
36.65733337402344
---------- Evolution 4 ----------
37.63884735107422
37.63884735107422
37.63884735107422
37.63884735107422
37.63884735107422
37.63884735107422
37.63884735107422
37.63884735107422
37.63884735107422
37.63884735107422
37.63884735107422
---------- Evolution 5 ----------
39.574554443359375
39.574554443359375
39.537864685058594
39.574554443359375
39.574554443359375
39.574554443359375
39.574554443359375
39.574554443359375
39.574554443359375
39.574554443359375
39.574554443359375
---------- Evolution 6 ----------
41.617401123046875
41.617401123046875
41.617401123046875
41.617401123046875
41.617401123046875
41.617401123046875
41.617401123046875
41.617401123046875
41.617401123046875
41.617401123046875
41.617401123046875
---------- Evolution 7 ----------
41.617401123046875
41.617401123046875
41.617401123046875
41.617401123046875
41.617401123046875
41.617401123046875
41.617401123046875
41.617401123046875
41.617401123046875
41.617401123046875
41.617401123046875
---------- Evolution 8 ----------
41.617401123046875
41.617401123046875
41.617401123046875
41.617401123046875
41.617401123046875
41.617401123046875
41.617401123046875
41.617401123046875
41.617401123046875
41.617401123046875
41.617401123046875
---------- Evolution 9 ----------
44.65733337402344
44.65733337402344
44.65733337402344
44.65733337402344
44.65733337402344
44.65733337402344
44.65733337402344
44.65733337402344
44.65733337402344
44.65733337402344
44.65733337402344
---------- Evolution 10 ----------
49.617401123046875
49.617401123046875
49.617401123046875
49.617401123046875
49.617401123046875
49.617401123046875
49.617401123046875
49.617401123046875
49.617401123046875
49.617401123046875
49.617401123046875
---------- Evolution 11 ----------
27.553634643554688
27.553665161132812
27.553207397460938
27.553665161132812
27.55321502685547
27.55315399169922
27.553268432617188
27.553207397460938
27.55127716064453
27.553184509277344
27.553665161132812
---------- Evolution 12 ----------
27.53746795654297
27.537437438964844
27.53839111328125
27.537437438964844
27.537437438964844
27.53746795654297
27.53746795654297
27.53839111328125
27.537460327148438
27.53746795654297
27.537460327148438
---------- Evolution 13 ----------
46.99834442138672
47.094459533691406
47.07793426513672
46.91382598876953
47.08573913574219
47.082122802734375
47.079925537109375
47.071144104003906
46.99921417236328
47.090492248535156
46.910987854003906
---------- Evolution 14 ----------
85.93535614013672
86.41481018066406
87.74950408935547
86.42205810546875
88.19488525390625
86.57553100585938
85.738037109375
86.074951171875
86.42327880859375
86.7900390625
85.97779083251953
---------- Evolution 15 ----------
265.6123046875
275.25634765625
273.25341796875
273.697265625
265.091796875
266.962890625
271.42724609375
265.06201171875
265.19482421875
267.552734375
275.07666015625
---------- Evolution 16 ----------
619.75732421875
585.64697265625
597.697265625
617.611328125
611.6953125
609.8193359375
588.79931640625
617.62646484375
617.7587890625
613.75927734375
609.697265625
---------- Evolution 17 ----------
292.1605224609375
298.0877914428711
259.40924072265625
296.4632568359375
294.85009765625
306.47003173828125
294.8548583984375
311.5275344848633
301.19384765625
294.99249267578125
288.36924743652344
---------- Evolution 18 ----------
789.6953125
1037.697265625
1525.6953125
1293.697265625
1441.6005859375
805.6953125
1487.6953125
1605.6953125
1397.697265625
647.6953125
1433.10009765625
---------- Evolution 19 ----------
2545.6953125
2563.697265625
2507.6953125
2415.6953125
2637.697265625
2477.697265625
2579.6953125
2359.697265625
2575.697265625
2065.697265625
2437.6953125
---------- Evolution 20 ----------
4891.6953125
4865.6953125
4861.6953125
4573.6953125
4837.6953125
4523.6953125
4865.6953125
4855.6953125
4559.697265625
4829.697265625
4421.6953125
