---------- Evolution 0 ----------
1110
3200
934
2310
3178
4009
737
3121
1976
2573
6291
---------- Evolution 1 ----------
413
577
410
584
866
1075
400
701
506
720
539
---------- Evolution 2 ----------
455
690
500
456
668
726
435
580
864
444
692
---------- Evolution 3 ----------
420
561
429
564
601
627
410
496
604
750
739
---------- Evolution 4 ----------
431
619
487
682
607
702
413
779
456
505
537
---------- Evolution 5 ----------
430
475
473
857
606
848
437
490
479
671
674
---------- Evolution 6 ----------
476
647
504
556
535
722
480
529
475
643
688
---------- Evolution 7 ----------
497
475
609
578
971
496
471
708
490
618
498
---------- Evolution 8 ----------
535
542
491
638
481
765
481
487
535
1015
652
---------- Evolution 9 ----------
558
584
563
577
645
1061
513
523
540
612
571
---------- Evolution 10 ----------
656
705
627
943
662
728
652
628
639
660
634
---------- Evolution 11 ----------
886
1175
844
893
1096
1292
854
1014
884
1024
862
---------- Evolution 12 ----------
2461
2524
2364
2518
2420
2394
2435
2403
2386
2673
2497
---------- Evolution 13 ----------
2291
2280
2272
2379
2281
2258
2305
2308
2320
2275
2305
---------- Evolution 14 ----------
4418
4528
4370
4366
4379
4435
4497
4765
4295
4523
4515
---------- Evolution 15 ----------
8717
8814
8604
8670
8799
8472
8742
8687
8792
8865
8581
---------- Evolution 16 ----------
18237
17831
17772
17577
18187
17387
17879
17701
18384
17701
18394
---------- Evolution 17 ----------
39222
39442
40082
40192
39168
39137
40017
38000
39967
39049
38238
---------- Evolution 18 ----------
120085
118258
119943
116758
119649
121215
113909
114644
115771
107854
115332
---------- Evolution 19 ----------
425823
421734
420526
411620
414876
412099
423135
421929
408435
426251
412203
---------- Evolution 20 ----------
892820
850745
878276
877227
876456
866763
858800
860945
868931
883683
867026
